<?xml version="1.0" encoding="UTF-8"?>
<!-- Generated by org.testng.reporters.JUnitXMLReporter -->
<testsuite ignored="0" hostname="DESKTOP-08D8J0K" failures="0" tests="4" name="Test" time="9.906" errors="0" timestamp="2024-02-24T22:36:20 IST">
  <testcase classname="api.test.userTest" name="createTestUser" time="3.255"/>
  <testcase classname="api.test.userTest" name="getTestUser" time="1.426"/>
  <testcase classname="api.test.userTest" name="updateTestUser" time="2.733"/>
  <testcase classname="api.test.userTest" name="deleteTestUser" time="1.419"/>
</testsuite> <!-- Test -->
