<?xml version="1.0" encoding="UTF-8"?>
<!-- Generated by org.testng.reporters.JUnitXMLReporter -->
<testsuite ignored="0" hostname="IN-3LDDZY2" failures="0" tests="4" name="Test" time="9.477" errors="0" timestamp="2023-11-15T22:02:21 IST">
  <testcase classname="api.test.userTest" name="createTestUser" time="3.457"/>
  <testcase classname="api.test.userTest" name="getTestUser" time="1.265"/>
  <testcase classname="api.test.userTest" name="updateTestUser" time="2.392"/>
  <testcase classname="api.test.userTest" name="deleteTestUser" time="1.205"/>
</testsuite> <!-- Test -->
