<?xml version="1.0" encoding="UTF-8"?>
<testsuite xmlns:xsi="http://www.w3.org/2001/XMLSchema-instance" xsi:noNamespaceSchemaLocation="https://maven.apache.org/surefire/maven-surefire-plugin/xsd/surefire-test-report-3.0.xsd" version="3.0" name="TestSuite" time="10.413" tests="4" errors="0" skipped="0" failures="0">
  <properties>
[...]
</properties>
  <testcase name="createTestUser" classname="api.test.userTest" time="3.291">
    <system-out><![CDATA[HTTP/1.1 200 OK
Date: Sat, 24 Feb 2024 17:06:14 GMT
Content-Type: application/json
Transfer-Encoding: chunked
Connection: keep-alive
Access-Control-Allow-Origin: *
Access-Control-Allow-Methods: GET, POST, DELETE, PUT
Access-Control-Allow-Headers: Content-Type, api_key, Authorization
Server: Jetty(9.2.9.v20150224)

{
    "code": 200,
    "type": "unknown",
    "message": "523102"
}
]]></system-out>
    <system-err><![CDATA[SLF4J: Failed to load class "org.slf4j.impl.StaticLoggerBinder".
SLF4J: Defaulting to no-operation (NOP) logger implementation
SLF4J: See http://www.slf4j.org/codes.html#StaticLoggerBinder for further details.
log4j:WARN No appenders could be found for logger (freemarker.cache).
log4j:WARN Please initialize the log4j system properly.
]]></system-err>
  </testcase>
  <testcase name="getTestUser" classname="api.test.userTest" time="1.444">
    <system-out><![CDATA[HTTP/1.1 200 OK
Date: Sat, 24 Feb 2024 17:06:15 GMT
Content-Type: application/json
Transfer-Encoding: chunked
Connection: keep-alive
Access-Control-Allow-Origin: *
Access-Control-Allow-Methods: GET, POST, DELETE, PUT
Access-Control-Allow-Headers: Content-Type, api_key, Authorization
Server: Jetty(9.2.9.v20150224)

{
    "id": 523102,
    "username": "username523102",
    "firstName": "firstName523102",
    "lastName": "lastName523102",
    "email": "email523102@gmail.com",
    "password": "523102",
    "phone": "523102",
    "userStatus": 1
}
]]></system-out>
  </testcase>
  <testcase name="updateTestUser" classname="api.test.userTest" time="2.742">
    <system-out><![CDATA[HTTP/1.1 200 OK
Date: Sat, 24 Feb 2024 17:06:17 GMT
Content-Type: application/json
Transfer-Encoding: chunked
Connection: keep-alive
Access-Control-Allow-Origin: *
Access-Control-Allow-Methods: GET, POST, DELETE, PUT
Access-Control-Allow-Headers: Content-Type, api_key, Authorization
Server: Jetty(9.2.9.v20150224)

{
    "code": 200,
    "type": "unknown",
    "message": "523102"
}
HTTP/1.1 200 OK
Date: Sat, 24 Feb 2024 17:06:18 GMT
Content-Type: application/json
Transfer-Encoding: chunked
Connection: keep-alive
Access-Control-Allow-Origin: *
Access-Control-Allow-Methods: GET, POST, DELETE, PUT
Access-Control-Allow-Headers: Content-Type, api_key, Authorization
Server: Jetty(9.2.9.v20150224)

{
    "id": 523102,
    "username": "username523102",
    "firstName": "firstnameupdated",
    "lastName": "lastName523102",
    "email": "email523102@gmail.com",
    "password": "523102",
    "phone": "523102",
    "userStatus": 1
}
]]></system-out>
  </testcase>
  <testcase name="deleteTestUser" classname="api.test.userTest" time="1.428">
    <system-out><![CDATA[HTTP/1.1 200 OK
Date: Sat, 24 Feb 2024 17:06:20 GMT
Content-Type: application/json
Transfer-Encoding: chunked
Connection: keep-alive
Access-Control-Allow-Origin: *
Access-Control-Allow-Methods: GET, POST, DELETE, PUT
Access-Control-Allow-Headers: Content-Type, api_key, Authorization
Server: Jetty(9.2.9.v20150224)

{
    "code": 200,
    "type": "unknown",
    "message": "username523102"
}
]]></system-out>
  </testcase>
</testsuite>