<?xml version="1.0" encoding="UTF-8"?>
<testng-results ignored="0" total="4" passed="4" failed="0" skipped="0">
  <reporter-output>
  </reporter-output>
  <suite started-at="2024-02-24T22:36:10 IST" name="Suite" finished-at="2024-02-24T22:36:20 IST" duration-ms="9906">
    <groups>
    </groups>
    <test started-at="2024-02-24T22:36:10 IST" name="Test" finished-at="2024-02-24T22:36:20 IST" duration-ms="9906">
      <class name="api.test.userTest">
        <test-method is-config="true" signature="setupData()[pri:0, instance:api.test.userTest@795cd85e]" started-at="2024-02-24T22:36:10 IST" name="setupData" finished-at="2024-02-24T22:36:11 IST" duration-ms="477" status="PASS">
          <reporter-output>
          </reporter-output>
        </test-method> <!-- setupData -->
        <test-method signature="createTestUser()[pri:0, instance:api.test.userTest@795cd85e]" started-at="2024-02-24T22:36:11 IST" name="createTestUser" finished-at="2024-02-24T22:36:14 IST" duration-ms="3255" status="PASS">
          <reporter-output>
          </reporter-output>
        </test-method> <!-- createTestUser -->
        <test-method signature="getTestUser()[pri:1, instance:api.test.userTest@795cd85e]" started-at="2024-02-24T22:36:14 IST" name="getTestUser" finished-at="2024-02-24T22:36:15 IST" duration-ms="1426" status="PASS">
          <reporter-output>
          </reporter-output>
        </test-method> <!-- getTestUser -->
        <test-method signature="updateTestUser()[pri:2, instance:api.test.userTest@795cd85e]" started-at="2024-02-24T22:36:15 IST" name="updateTestUser" finished-at="2024-02-24T22:36:18 IST" duration-ms="2733" status="PASS">
          <reporter-output>
          </reporter-output>
        </test-method> <!-- updateTestUser -->
        <test-method signature="deleteTestUser()[pri:3, instance:api.test.userTest@795cd85e]" started-at="2024-02-24T22:36:18 IST" name="deleteTestUser" finished-at="2024-02-24T22:36:20 IST" duration-ms="1419" status="PASS">
          <reporter-output>
          </reporter-output>
        </test-method> <!-- deleteTestUser -->
      </class> <!-- api.test.userTest -->
    </test> <!-- Test -->
  </suite> <!-- Suite -->
</testng-results>
