<?xml version="1.0" encoding="UTF-8"?>
<testng-results ignored="0" total="4" passed="4" failed="0" skipped="0">
  <reporter-output>
  </reporter-output>
  <suite started-at="2024-02-24T11:05:25 IST" name="Suite" finished-at="2024-02-24T11:05:35 IST" duration-ms="9715">
    <groups>
    </groups>
    <test started-at="2024-02-24T11:05:25 IST" name="Test" finished-at="2024-02-24T11:05:35 IST" duration-ms="9715">
      <class name="api.test.userTest">
        <test-method is-config="true" signature="setupData()[pri:0, instance:api.test.userTest@6e171cd7]" started-at="2024-02-24T11:05:26 IST" name="setupData" finished-at="2024-02-24T11:05:26 IST" duration-ms="444" status="PASS">
          <reporter-output>
          </reporter-output>
        </test-method> <!-- setupData -->
        <test-method signature="createTestUser()[pri:0, instance:api.test.userTest@6e171cd7]" started-at="2024-02-24T11:05:26 IST" name="createTestUser" finished-at="2024-02-24T11:05:29 IST" duration-ms="3119" status="PASS">
          <reporter-output>
          </reporter-output>
        </test-method> <!-- createTestUser -->
        <test-method signature="getTestUser()[pri:1, instance:api.test.userTest@6e171cd7]" started-at="2024-02-24T11:05:29 IST" name="getTestUser" finished-at="2024-02-24T11:05:31 IST" duration-ms="1435" status="PASS">
          <reporter-output>
          </reporter-output>
        </test-method> <!-- getTestUser -->
        <test-method signature="updateTestUser()[pri:2, instance:api.test.userTest@6e171cd7]" started-at="2024-02-24T11:05:31 IST" name="updateTestUser" finished-at="2024-02-24T11:05:33 IST" duration-ms="2766" status="PASS">
          <reporter-output>
          </reporter-output>
        </test-method> <!-- updateTestUser -->
        <test-method signature="deleteTestUser()[pri:3, instance:api.test.userTest@6e171cd7]" started-at="2024-02-24T11:05:33 IST" name="deleteTestUser" finished-at="2024-02-24T11:05:35 IST" duration-ms="1443" status="PASS">
          <reporter-output>
          </reporter-output>
        </test-method> <!-- deleteTestUser -->
      </class> <!-- api.test.userTest -->
    </test> <!-- Test -->
  </suite> <!-- Suite -->
</testng-results>
